<testsuites id="" name="" tests="182" failures="171" skipped="0" errors="0" time="1721.078887">
<testsuite name="fraud-detection.spec.ts" timestamp="2025-10-05T03:03:05.691Z" hostname="chromium" tests="18" failures="18" skipped="0" time="205.781" errors="0">
<testcase name="FraudShield Modern Website E2E Tests › Landing Page › should display landing page with 3D elements and black/yellow theme" classname="fraud-detection.spec.ts" time="23.397">
<failure message="fraud-detection.spec.ts:15:9 should display landing page with 3D elements and black/yellow theme" type="FAILURE">
<![CDATA[  [chromium] › fraud-detection.spec.ts:15:9 › FraudShield Modern Website E2E Tests › Landing Page › should display landing page with 3D elements and black/yellow theme 

    Error: expect(locator).toContainText(expected) failed

    Locator: locator('h1')
    Expected string: "AI-Powered Fraud Detection"
    Received string: "Fraud DetectionRedefined"
    Timeout: 5000ms

    Call log:
      - Expect "toContainText" with timeout 5000ms
      - waiting for locator('h1')
        9 × locator resolved to <h1 class="text-5xl md:text-7xl font-bold mb-6 bg-gradient-to-r from-white via-primary-400 to-primary-600 bg-clip-text text-transparent">…</h1>
          - unexpected value "Fraud DetectionRedefined"


      18 |       
      19 |       // Verify main heading
    > 20 |       await expect(page.locator('h1')).toContainText('AI-Powered Fraud Detection');
         |                                        ^
      21 |       
      22 |       // Check for 3D floating elements container
      23 |       await expect(page.locator('[data-testid="floating-elements"]')).toBeVisible();
        at C:\Users\sudan\OneDrive\Desktop\fraudsheild\tests\e2e\fraud-detection.spec.ts:20:40

    attachment #1: screenshot (image/png) ──────────────────────────────────────────────────────────
    ..\..\test-results\fraud-detection-FraudShiel-b4deb-ents-and-black-yellow-theme-chromium\test-failed-1.png
    ────────────────────────────────────────────────────────────────────────────────────────────────

    attachment #2: video (video/webm) ──────────────────────────────────────────────────────────────
    ..\..\test-results\fraud-detection-FraudShiel-b4deb-ents-and-black-yellow-theme-chromium\video.webm
    ────────────────────────────────────────────────────────────────────────────────────────────────

    Error Context: ..\..\test-results\fraud-detection-FraudShiel-b4deb-ents-and-black-yellow-theme-chromium\error-context.md
]]>
</failure>
<system-out>
<![CDATA[
[[ATTACHMENT|fraud-detection-FraudShiel-b4deb-ents-and-black-yellow-theme-chromium\test-failed-1.png]]

[[ATTACHMENT|fraud-detection-FraudShiel-b4deb-ents-and-black-yellow-theme-chromium\video.webm]]

[[ATTACHMENT|fraud-detection-FraudShiel-b4deb-ents-and-black-yellow-theme-chromium\error-context.md]]
]]>
</system-out>
</testcase>
<testcase name="FraudShield Modern Website E2E Tests › Landing Page › should have working navigation" classname="fraud-detection.spec.ts" time="37.281">
<failure message="fraud-detection.spec.ts:38:9 should have working navigation" type="FAILURE">
<![CDATA[  [chromium] › fraud-detection.spec.ts:38:9 › FraudShield Modern Website E2E Tests › Landing Page › should have working navigation 

    Test timeout of 30000ms exceeded.

    Error: locator.click: Test timeout of 30000ms exceeded.
    Call log:
      - waiting for getByRole('button', { name: 'Sign In' })


      38 |     test('should have working navigation', async ({ page }) => {
      39 |       // Test Sign In button navigation
    > 40 |       await page.getByRole('button', { name: 'Sign In' }).click();
         |                                                           ^
      41 |       await expect(page).toHaveURL(/.*\/auth\/login/);
      42 |       
      43 |       // Navigate back to home
        at C:\Users\sudan\OneDrive\Desktop\fraudsheild\tests\e2e\fraud-detection.spec.ts:40:59

    attachment #1: screenshot (image/png) ──────────────────────────────────────────────────────────
    ..\..\test-results\fraud-detection-FraudShiel-c158f-uld-have-working-navigation-chromium\test-failed-1.png
    ────────────────────────────────────────────────────────────────────────────────────────────────

    attachment #2: video (video/webm) ──────────────────────────────────────────────────────────────
    ..\..\test-results\fraud-detection-FraudShiel-c158f-uld-have-working-navigation-chromium\video.webm
    ────────────────────────────────────────────────────────────────────────────────────────────────

    Error Context: ..\..\test-results\fraud-detection-FraudShiel-c158f-uld-have-working-navigation-chromium\error-context.md
]]>
</failure>
<system-out>
<![CDATA[
[[ATTACHMENT|fraud-detection-FraudShiel-c158f-uld-have-working-navigation-chromium\test-failed-1.png]]

[[ATTACHMENT|fraud-detection-FraudShiel-c158f-uld-have-working-navigation-chromium\video.webm]]

[[ATTACHMENT|fraud-detection-FraudShiel-c158f-uld-have-working-navigation-chromium\error-context.md]]
]]>
</system-out>
</testcase>
<testcase name="FraudShield Modern Website E2E Tests › Landing Page › should display responsive design" classname="fraud-detection.spec.ts" time="15.282">
<failure message="fraud-detection.spec.ts:52:9 should display responsive design" type="FAILURE">
<![CDATA[  [chromium] › fraud-detection.spec.ts:52:9 › FraudShield Modern Website E2E Tests › Landing Page › should display responsive design 

    Error: expect(locator).toBeVisible() failed

    Locator:  locator('[data-testid="hero-section"]')
    Expected: visible
    Received: <element(s) not found>
    Timeout:  5000ms

    Call log:
      - Expect "toBeVisible" with timeout 5000ms
      - waiting for locator('[data-testid="hero-section"]')


      53 |       // Test desktop view
      54 |       await page.setViewportSize({ width: 1920, height: 1080 });
    > 55 |       await expect(page.locator('[data-testid="hero-section"]')).toBeVisible();
         |                                                                  ^
      56 |       
      57 |       // Test tablet view
      58 |       await page.setViewportSize({ width: 768, height: 1024 });
        at C:\Users\sudan\OneDrive\Desktop\fraudsheild\tests\e2e\fraud-detection.spec.ts:55:66

    attachment #1: screenshot (image/png) ──────────────────────────────────────────────────────────
    ..\..\test-results\fraud-detection-FraudShiel-f56bb-d-display-responsive-design-chromium\test-failed-1.png
    ────────────────────────────────────────────────────────────────────────────────────────────────

    attachment #2: video (video/webm) ──────────────────────────────────────────────────────────────
    ..\..\test-results\fraud-detection-FraudShiel-f56bb-d-display-responsive-design-chromium\video.webm
    ────────────────────────────────────────────────────────────────────────────────────────────────

    Error Context: ..\..\test-results\fraud-detection-FraudShiel-f56bb-d-display-responsive-design-chromium\error-context.md
]]>
</failure>
<system-out>
<![CDATA[
[[ATTACHMENT|fraud-detection-FraudShiel-f56bb-d-display-responsive-design-chromium\test-failed-1.png]]

[[ATTACHMENT|fraud-detection-FraudShiel-f56bb-d-display-responsive-design-chromium\video.webm]]

[[ATTACHMENT|fraud-detection-FraudShiel-f56bb-d-display-responsive-design-chromium\error-context.md]]
]]>
</system-out>
</testcase>
<testcase name="FraudShield Modern Website E2E Tests › User Authentication › should register new user successfully" classname="fraud-detection.spec.ts" time="27.116">
<failure message="fraud-detection.spec.ts:75:9 should register new user successfully" type="FAILURE">
<![CDATA[  [chromium] › fraud-detection.spec.ts:75:9 › FraudShield Modern Website E2E Tests › User Authentication › should register new user successfully 

    Error: expect(locator).toBeVisible() failed

    Locator:  locator('[data-testid="success-message"]')
    Expected: visible
    Received: <element(s) not found>
    Timeout:  10000ms

    Call log:
      - Expect "toBeVisible" with timeout 10000ms
      - waiting for locator('[data-testid="success-message"]')


      85 |       
      86 |       // Should show success message or redirect to login
    > 87 |       await expect(page.locator('[data-testid="success-message"]')).toBeVisible({timeout: 10000});
         |                                                                     ^
      88 |     });
      89 |
      90 |     test('should validate registration form inputs', async ({ page }) => {
        at C:\Users\sudan\OneDrive\Desktop\fraudsheild\tests\e2e\fraud-detection.spec.ts:87:69

    attachment #1: screenshot (image/png) ──────────────────────────────────────────────────────────
    ..\..\test-results\fraud-detection-FraudShiel-8f35b-ister-new-user-successfully-chromium\test-failed-1.png
    ────────────────────────────────────────────────────────────────────────────────────────────────

    attachment #2: video (video/webm) ──────────────────────────────────────────────────────────────
    ..\..\test-results\fraud-detection-FraudShiel-8f35b-ister-new-user-successfully-chromium\video.webm
    ────────────────────────────────────────────────────────────────────────────────────────────────

    Error Context: ..\..\test-results\fraud-detection-FraudShiel-8f35b-ister-new-user-successfully-chromium\error-context.md
]]>
</failure>
<system-out>
<![CDATA[
[[ATTACHMENT|fraud-detection-FraudShiel-8f35b-ister-new-user-successfully-chromium\test-failed-1.png]]

[[ATTACHMENT|fraud-detection-FraudShiel-8f35b-ister-new-user-successfully-chromium\video.webm]]

[[ATTACHMENT|fraud-detection-FraudShiel-8f35b-ister-new-user-successfully-chromium\error-context.md]]
]]>
</system-out>
</testcase>
<testcase name="FraudShield Modern Website E2E Tests › User Authentication › should validate registration form inputs" classname="fraud-detection.spec.ts" time="27.74">
<failure message="fraud-detection.spec.ts:90:9 should validate registration form inputs" type="FAILURE">
<![CDATA[  [chromium] › fraud-detection.spec.ts:90:9 › FraudShield Modern Website E2E Tests › User Authentication › should validate registration form inputs 

    TypeError: page.blur is not a function

      93 |       // Test email validation
      94 |       await page.fill('input[name="email"]', 'invalid-email');
    > 95 |       await page.blur('input[name="email"]');
         |                  ^
      96 |       await expect(page.locator('[data-testid="email-error"]')).toContainText('Please enter a valid email');
      97 |       
      98 |       // Test password validation
        at C:\Users\sudan\OneDrive\Desktop\fraudsheild\tests\e2e\fraud-detection.spec.ts:95:18

    attachment #1: screenshot (image/png) ──────────────────────────────────────────────────────────
    ..\..\test-results\fraud-detection-FraudShiel-7e5db-te-registration-form-inputs-chromium\test-failed-1.png
    ────────────────────────────────────────────────────────────────────────────────────────────────

    attachment #2: video (video/webm) ──────────────────────────────────────────────────────────────
    ..\..\test-results\fraud-detection-FraudShiel-7e5db-te-registration-form-inputs-chromium\video.webm
    ────────────────────────────────────────────────────────────────────────────────────────────────

    Error Context: ..\..\test-results\fraud-detection-FraudShiel-7e5db-te-registration-form-inputs-chromium\error-context.md
]]>
</failure>
<system-out>
<![CDATA[
[[ATTACHMENT|fraud-detection-FraudShiel-7e5db-te-registration-form-inputs-chromium\test-failed-1.png]]

[[ATTACHMENT|fraud-detection-FraudShiel-7e5db-te-registration-form-inputs-chromium\video.webm]]

[[ATTACHMENT|fraud-detection-FraudShiel-7e5db-te-registration-form-inputs-chromium\error-context.md]]
]]>
</system-out>
</testcase>
<testcase name="FraudShield Modern Website E2E Tests › User Authentication › should login existing user" classname="fraud-detection.spec.ts" time="31.27">
<failure message="fraud-detection.spec.ts:110:9 should login existing user" type="FAILURE">
<![CDATA[  [chromium] › fraud-detection.spec.ts:110:9 › FraudShield Modern Website E2E Tests › User Authentication › should login existing user 

    Test timeout of 30000ms exceeded.

    Error: page.fill: Test timeout of 30000ms exceeded.
    Call log:
      - waiting for locator('input[name="email"]')


      112 |       
      113 |       // Use demo credentials
    > 114 |       await page.fill('input[name="email"]', 'demo@fraudshield.com');
          |                  ^
      115 |       await page.fill('input[name="password"]', 'demo123');
      116 |       
      117 |       // Test password visibility toggle
        at C:\Users\sudan\OneDrive\Desktop\fraudsheild\tests\e2e\fraud-detection.spec.ts:114:18

    attachment #1: screenshot (image/png) ──────────────────────────────────────────────────────────
    ..\..\test-results\fraud-detection-FraudShiel-2e81f--should-login-existing-user-chromium\test-failed-1.png
    ────────────────────────────────────────────────────────────────────────────────────────────────

    attachment #2: video (video/webm) ──────────────────────────────────────────────────────────────
    ..\..\test-results\fraud-detection-FraudShiel-2e81f--should-login-existing-user-chromium\video.webm
    ────────────────────────────────────────────────────────────────────────────────────────────────

    Error Context: ..\..\test-results\fraud-detection-FraudShiel-2e81f--should-login-existing-user-chromium\error-context.md
]]>
</failure>
<system-out>
<![CDATA[
[[ATTACHMENT|fraud-detection-FraudShiel-2e81f--should-login-existing-user-chromium\test-failed-1.png]]

[[ATTACHMENT|fraud-detection-FraudShiel-2e81f--should-login-existing-user-chromium\video.webm]]

[[ATTACHMENT|fraud-detection-FraudShiel-2e81f--should-login-existing-user-chromium\error-context.md]]
]]>
</system-out>
</testcase>
<testcase name="FraudShield Modern Website E2E Tests › User Authentication › should handle login errors gracefully" classname="fraud-detection.spec.ts" time="3.554">
<failure message="fraud-detection.spec.ts:131:9 should handle login errors gracefully" type="FAILURE">
<![CDATA[  [chromium] › fraud-detection.spec.ts:131:9 › FraudShield Modern Website E2E Tests › User Authentication › should handle login errors gracefully 

    Error: page.goto: net::ERR_CONNECTION_REFUSED at http://localhost:3000/
    Call log:
      - navigating to "http://localhost:3000/", waiting until "load"


       9 |   test.beforeEach(async ({ page }) => {
      10 |     // Navigate to the application
    > 11 |     await page.goto(BASE_URL);
         |                ^
      12 |   });
      13 |
      14 |   test.describe('Landing Page', () => {
        at C:\Users\sudan\OneDrive\Desktop\fraudsheild\tests\e2e\fraud-detection.spec.ts:11:16

    attachment #1: screenshot (image/png) ──────────────────────────────────────────────────────────
    ..\..\test-results\fraud-detection-FraudShiel-dc34b-dle-login-errors-gracefully-chromium\test-failed-1.png
    ────────────────────────────────────────────────────────────────────────────────────────────────

    attachment #2: video (video/webm) ──────────────────────────────────────────────────────────────
    ..\..\test-results\fraud-detection-FraudShiel-dc34b-dle-login-errors-gracefully-chromium\video.webm
    ────────────────────────────────────────────────────────────────────────────────────────────────
]]>
</failure>
<system-out>
<![CDATA[
[[ATTACHMENT|fraud-detection-FraudShiel-dc34b-dle-login-errors-gracefully-chromium\test-failed-1.png]]

[[ATTACHMENT|fraud-detection-FraudShiel-dc34b-dle-login-errors-gracefully-chromium\video.webm]]
]]>
</system-out>
</testcase>
<testcase name="FraudShield Modern Website E2E Tests › Dashboard Fraud Analysis › should display dashboard with fraud analysis form" classname="fraud-detection.spec.ts" time="3.513">
<failure message="fraud-detection.spec.ts:154:9 should display dashboard with fraud analysis form" type="FAILURE">
<![CDATA[  [chromium] › fraud-detection.spec.ts:154:9 › FraudShield Modern Website E2E Tests › Dashboard Fraud Analysis › should display dashboard with fraud analysis form 

    Error: page.goto: net::ERR_CONNECTION_REFUSED at http://localhost:3000/
    Call log:
      - navigating to "http://localhost:3000/", waiting until "load"


       9 |   test.beforeEach(async ({ page }) => {
      10 |     // Navigate to the application
    > 11 |     await page.goto(BASE_URL);
         |                ^
      12 |   });
      13 |
      14 |   test.describe('Landing Page', () => {
        at C:\Users\sudan\OneDrive\Desktop\fraudsheild\tests\e2e\fraud-detection.spec.ts:11:16

    Error: page.goto: net::ERR_CONNECTION_REFUSED at http://localhost:3000/auth/login
    Call log:
      - navigating to "http://localhost:3000/auth/login", waiting until "load"


      145 |     test.beforeEach(async ({ page }) => {
      146 |       // Login before each dashboard test
    > 147 |       await page.goto(`${BASE_URL}/auth/login`);
          |                  ^
      148 |       await page.fill('input[name="email"]', 'demo@fraudshield.com');
      149 |       await page.fill('input[name="password"]', 'demo123');
      150 |       await page.click('button[type="submit"]');
        at C:\Users\sudan\OneDrive\Desktop\fraudsheild\tests\e2e\fraud-detection.spec.ts:147:18

    attachment #1: screenshot (image/png) ──────────────────────────────────────────────────────────
    ..\..\test-results\fraud-detection-FraudShiel-6d5aa-rd-with-fraud-analysis-form-chromium\test-failed-1.png
    ────────────────────────────────────────────────────────────────────────────────────────────────

    attachment #2: video (video/webm) ──────────────────────────────────────────────────────────────
    ..\..\test-results\fraud-detection-FraudShiel-6d5aa-rd-with-fraud-analysis-form-chromium\video.webm
    ────────────────────────────────────────────────────────────────────────────────────────────────
]]>
</failure>
<system-out>
<![CDATA[
[[ATTACHMENT|fraud-detection-FraudShiel-6d5aa-rd-with-fraud-analysis-form-chromium\test-failed-1.png]]

[[ATTACHMENT|fraud-detection-FraudShiel-6d5aa-rd-with-fraud-analysis-form-chromium\video.webm]]
]]>
</system-out>
</testcase>
<testcase name="FraudShield Modern Website E2E Tests › Dashboard Fraud Analysis › should perform fraud analysis with valid transaction data" classname="fraud-detection.spec.ts" time="3.343">
<failure message="fraud-detection.spec.ts:166:9 should perform fraud analysis with valid transaction data" type="FAILURE">
<![CDATA[  [chromium] › fraud-detection.spec.ts:166:9 › FraudShield Modern Website E2E Tests › Dashboard Fraud Analysis › should perform fraud analysis with valid transaction data 

    Error: page.goto: net::ERR_CONNECTION_REFUSED at http://localhost:3000/
    Call log:
      - navigating to "http://localhost:3000/", waiting until "load"


       9 |   test.beforeEach(async ({ page }) => {
      10 |     // Navigate to the application
    > 11 |     await page.goto(BASE_URL);
         |                ^
      12 |   });
      13 |
      14 |   test.describe('Landing Page', () => {
        at C:\Users\sudan\OneDrive\Desktop\fraudsheild\tests\e2e\fraud-detection.spec.ts:11:16

    Error: page.goto: net::ERR_CONNECTION_REFUSED at http://localhost:3000/auth/login
    Call log:
      - navigating to "http://localhost:3000/auth/login", waiting until "load"


      145 |     test.beforeEach(async ({ page }) => {
      146 |       // Login before each dashboard test
    > 147 |       await page.goto(`${BASE_URL}/auth/login`);
          |                  ^
      148 |       await page.fill('input[name="email"]', 'demo@fraudshield.com');
      149 |       await page.fill('input[name="password"]', 'demo123');
      150 |       await page.click('button[type="submit"]');
        at C:\Users\sudan\OneDrive\Desktop\fraudsheild\tests\e2e\fraud-detection.spec.ts:147:18

    attachment #1: screenshot (image/png) ──────────────────────────────────────────────────────────
    ..\..\test-results\fraud-detection-FraudShiel-bb6e0-with-valid-transaction-data-chromium\test-failed-1.png
    ────────────────────────────────────────────────────────────────────────────────────────────────

    attachment #2: video (video/webm) ──────────────────────────────────────────────────────────────
    ..\..\test-results\fraud-detection-FraudShiel-bb6e0-with-valid-transaction-data-chromium\video.webm
    ────────────────────────────────────────────────────────────────────────────────────────────────
]]>
</failure>
<system-out>
<![CDATA[
[[ATTACHMENT|fraud-detection-FraudShiel-bb6e0-with-valid-transaction-data-chromium\test-failed-1.png]]

[[ATTACHMENT|fraud-detection-FraudShiel-bb6e0-with-valid-transaction-data-chromium\video.webm]]
]]>
</system-out>
</testcase>
<testcase name="FraudShield Modern Website E2E Tests › Dashboard Fraud Analysis › should validate form inputs" classname="fraud-detection.spec.ts" time="4.116">
<failure message="fraud-detection.spec.ts:192:9 should validate form inputs" type="FAILURE">
<![CDATA[  [chromium] › fraud-detection.spec.ts:192:9 › FraudShield Modern Website E2E Tests › Dashboard Fraud Analysis › should validate form inputs 

    Error: page.goto: net::ERR_CONNECTION_REFUSED at http://localhost:3000/
    Call log:
      - navigating to "http://localhost:3000/", waiting until "load"


       9 |   test.beforeEach(async ({ page }) => {
      10 |     // Navigate to the application
    > 11 |     await page.goto(BASE_URL);
         |                ^
      12 |   });
      13 |
      14 |   test.describe('Landing Page', () => {
        at C:\Users\sudan\OneDrive\Desktop\fraudsheild\tests\e2e\fraud-detection.spec.ts:11:16

    Error: page.goto: net::ERR_CONNECTION_REFUSED at http://localhost:3000/auth/login
    Call log:
      - navigating to "http://localhost:3000/auth/login", waiting until "load"


      145 |     test.beforeEach(async ({ page }) => {
      146 |       // Login before each dashboard test
    > 147 |       await page.goto(`${BASE_URL}/auth/login`);
          |                  ^
      148 |       await page.fill('input[name="email"]', 'demo@fraudshield.com');
      149 |       await page.fill('input[name="password"]', 'demo123');
      150 |       await page.click('button[type="submit"]');
        at C:\Users\sudan\OneDrive\Desktop\fraudsheild\tests\e2e\fraud-detection.spec.ts:147:18

    attachment #1: screenshot (image/png) ──────────────────────────────────────────────────────────
    ..\..\test-results\fraud-detection-FraudShiel-8a7cf-should-validate-form-inputs-chromium\test-failed-1.png
    ────────────────────────────────────────────────────────────────────────────────────────────────

    attachment #2: video (video/webm) ──────────────────────────────────────────────────────────────
    ..\..\test-results\fraud-detection-FraudShiel-8a7cf-should-validate-form-inputs-chromium\video.webm
    ────────────────────────────────────────────────────────────────────────────────────────────────
]]>
</failure>
<system-out>
<![CDATA[
[[ATTACHMENT|fraud-detection-FraudShiel-8a7cf-should-validate-form-inputs-chromium\test-failed-1.png]]

[[ATTACHMENT|fraud-detection-FraudShiel-8a7cf-should-validate-form-inputs-chromium\video.webm]]
]]>
</system-out>
</testcase>
<testcase name="FraudShield Modern Website E2E Tests › Dashboard Fraud Analysis › should display analysis history" classname="fraud-detection.spec.ts" time="3.525">
<failure message="fraud-detection.spec.ts:204:9 should display analysis history" type="FAILURE">
<![CDATA[  [chromium] › fraud-detection.spec.ts:204:9 › FraudShield Modern Website E2E Tests › Dashboard Fraud Analysis › should display analysis history 

    Error: page.goto: net::ERR_CONNECTION_REFUSED at http://localhost:3000/
    Call log:
      - navigating to "http://localhost:3000/", waiting until "load"


       9 |   test.beforeEach(async ({ page }) => {
      10 |     // Navigate to the application
    > 11 |     await page.goto(BASE_URL);
         |                ^
      12 |   });
      13 |
      14 |   test.describe('Landing Page', () => {
        at C:\Users\sudan\OneDrive\Desktop\fraudsheild\tests\e2e\fraud-detection.spec.ts:11:16

    Error: page.goto: net::ERR_CONNECTION_REFUSED at http://localhost:3000/auth/login
    Call log:
      - navigating to "http://localhost:3000/auth/login", waiting until "load"


      145 |     test.beforeEach(async ({ page }) => {
      146 |       // Login before each dashboard test
    > 147 |       await page.goto(`${BASE_URL}/auth/login`);
          |                  ^
      148 |       await page.fill('input[name="email"]', 'demo@fraudshield.com');
      149 |       await page.fill('input[name="password"]', 'demo123');
      150 |       await page.click('button[type="submit"]');
        at C:\Users\sudan\OneDrive\Desktop\fraudsheild\tests\e2e\fraud-detection.spec.ts:147:18

    attachment #1: screenshot (image/png) ──────────────────────────────────────────────────────────
    ..\..\test-results\fraud-detection-FraudShiel-86091-ld-display-analysis-history-chromium\test-failed-1.png
    ────────────────────────────────────────────────────────────────────────────────────────────────

    attachment #2: video (video/webm) ──────────────────────────────────────────────────────────────
    ..\..\test-results\fraud-detection-FraudShiel-86091-ld-display-analysis-history-chromium\video.webm
    ────────────────────────────────────────────────────────────────────────────────────────────────
]]>
</failure>
<system-out>
<![CDATA[
[[ATTACHMENT|fraud-detection-FraudShiel-86091-ld-display-analysis-history-chromium\test-failed-1.png]]

[[ATTACHMENT|fraud-detection-FraudShiel-86091-ld-display-analysis-history-chromium\video.webm]]
]]>
</system-out>
</testcase>
<testcase name="FraudShield Modern Website E2E Tests › Dashboard Fraud Analysis › should clear analysis history" classname="fraud-detection.spec.ts" time="3.673">
<failure message="fraud-detection.spec.ts:222:9 should clear analysis history" type="FAILURE">
<![CDATA[  [chromium] › fraud-detection.spec.ts:222:9 › FraudShield Modern Website E2E Tests › Dashboard Fraud Analysis › should clear analysis history 

    Error: page.goto: net::ERR_CONNECTION_REFUSED at http://localhost:3000/
    Call log:
      - navigating to "http://localhost:3000/", waiting until "load"


       9 |   test.beforeEach(async ({ page }) => {
      10 |     // Navigate to the application
    > 11 |     await page.goto(BASE_URL);
         |                ^
      12 |   });
      13 |
      14 |   test.describe('Landing Page', () => {
        at C:\Users\sudan\OneDrive\Desktop\fraudsheild\tests\e2e\fraud-detection.spec.ts:11:16

    Error: page.goto: net::ERR_CONNECTION_REFUSED at http://localhost:3000/auth/login
    Call log:
      - navigating to "http://localhost:3000/auth/login", waiting until "load"


      145 |     test.beforeEach(async ({ page }) => {
      146 |       // Login before each dashboard test
    > 147 |       await page.goto(`${BASE_URL}/auth/login`);
          |                  ^
      148 |       await page.fill('input[name="email"]', 'demo@fraudshield.com');
      149 |       await page.fill('input[name="password"]', 'demo123');
      150 |       await page.click('button[type="submit"]');
        at C:\Users\sudan\OneDrive\Desktop\fraudsheild\tests\e2e\fraud-detection.spec.ts:147:18

    attachment #1: screenshot (image/png) ──────────────────────────────────────────────────────────
    ..\..\test-results\fraud-detection-FraudShiel-c8aee-ould-clear-analysis-history-chromium\test-failed-1.png
    ────────────────────────────────────────────────────────────────────────────────────────────────

    attachment #2: video (video/webm) ──────────────────────────────────────────────────────────────
    ..\..\test-results\fraud-detection-FraudShiel-c8aee-ould-clear-analysis-history-chromium\video.webm
    ────────────────────────────────────────────────────────────────────────────────────────────────
]]>
</failure>
<system-out>
<![CDATA[
[[ATTACHMENT|fraud-detection-FraudShiel-c8aee-ould-clear-analysis-history-chromium\test-failed-1.png]]

[[ATTACHMENT|fraud-detection-FraudShiel-c8aee-ould-clear-analysis-history-chromium\video.webm]]
]]>
</system-out>
</testcase>
<testcase name="FraudShield Modern Website E2E Tests › 3D Elements and Animations › should render 3D floating elements" classname="fraud-detection.spec.ts" time="3.586">
<failure message="fraud-detection.spec.ts:241:9 should render 3D floating elements" type="FAILURE">
<![CDATA[  [chromium] › fraud-detection.spec.ts:241:9 › FraudShield Modern Website E2E Tests › 3D Elements and Animations › should render 3D floating elements 

    Error: page.goto: net::ERR_CONNECTION_REFUSED at http://localhost:3000/
    Call log:
      - navigating to "http://localhost:3000/", waiting until "load"


       9 |   test.beforeEach(async ({ page }) => {
      10 |     // Navigate to the application
    > 11 |     await page.goto(BASE_URL);
         |                ^
      12 |   });
      13 |
      14 |   test.describe('Landing Page', () => {
        at C:\Users\sudan\OneDrive\Desktop\fraudsheild\tests\e2e\fraud-detection.spec.ts:11:16

    attachment #1: screenshot (image/png) ──────────────────────────────────────────────────────────
    ..\..\test-results\fraud-detection-FraudShiel-e9c4c-render-3D-floating-elements-chromium\test-failed-1.png
    ────────────────────────────────────────────────────────────────────────────────────────────────

    attachment #2: video (video/webm) ──────────────────────────────────────────────────────────────
    ..\..\test-results\fraud-detection-FraudShiel-e9c4c-render-3D-floating-elements-chromium\video.webm
    ────────────────────────────────────────────────────────────────────────────────────────────────
]]>
</failure>
<system-out>
<![CDATA[
[[ATTACHMENT|fraud-detection-FraudShiel-e9c4c-render-3D-floating-elements-chromium\test-failed-1.png]]

[[ATTACHMENT|fraud-detection-FraudShiel-e9c4c-render-3D-floating-elements-chromium\video.webm]]
]]>
</system-out>
</testcase>
<testcase name="FraudShield Modern Website E2E Tests › 3D Elements and Animations › should have animated gradient backgrounds" classname="fraud-detection.spec.ts" time="3.556">
<failure message="fraud-detection.spec.ts:252:9 should have animated gradient backgrounds" type="FAILURE">
<![CDATA[  [chromium] › fraud-detection.spec.ts:252:9 › FraudShield Modern Website E2E Tests › 3D Elements and Animations › should have animated gradient backgrounds 

    Error: page.goto: net::ERR_CONNECTION_REFUSED at http://localhost:3000/
    Call log:
      - navigating to "http://localhost:3000/", waiting until "load"


       9 |   test.beforeEach(async ({ page }) => {
      10 |     // Navigate to the application
    > 11 |     await page.goto(BASE_URL);
         |                ^
      12 |   });
      13 |
      14 |   test.describe('Landing Page', () => {
        at C:\Users\sudan\OneDrive\Desktop\fraudsheild\tests\e2e\fraud-detection.spec.ts:11:16

    attachment #1: screenshot (image/png) ──────────────────────────────────────────────────────────
    ..\..\test-results\fraud-detection-FraudShiel-9ec3f-imated-gradient-backgrounds-chromium\test-failed-1.png
    ────────────────────────────────────────────────────────────────────────────────────────────────

    attachment #2: video (video/webm) ──────────────────────────────────────────────────────────────
    ..\..\test-results\fraud-detection-FraudShiel-9ec3f-imated-gradient-backgrounds-chromium\video.webm
    ────────────────────────────────────────────────────────────────────────────────────────────────
]]>
</failure>
<system-out>
<![CDATA[
[[ATTACHMENT|fraud-detection-FraudShiel-9ec3f-imated-gradient-backgrounds-chromium\test-failed-1.png]]

[[ATTACHMENT|fraud-detection-FraudShiel-9ec3f-imated-gradient-backgrounds-chromium\video.webm]]
]]>
</system-out>
</testcase>
<testcase name="FraudShield Modern Website E2E Tests › Error Handling and Edge Cases › should handle API errors gracefully" classname="fraud-detection.spec.ts" time="3.683">
<failure message="fraud-detection.spec.ts:260:9 should handle API errors gracefully" type="FAILURE">
<![CDATA[  [chromium] › fraud-detection.spec.ts:260:9 › FraudShield Modern Website E2E Tests › Error Handling and Edge Cases › should handle API errors gracefully 

    Error: page.goto: net::ERR_CONNECTION_REFUSED at http://localhost:3000/
    Call log:
      - navigating to "http://localhost:3000/", waiting until "load"


       9 |   test.beforeEach(async ({ page }) => {
      10 |     // Navigate to the application
    > 11 |     await page.goto(BASE_URL);
         |                ^
      12 |   });
      13 |
      14 |   test.describe('Landing Page', () => {
        at C:\Users\sudan\OneDrive\Desktop\fraudsheild\tests\e2e\fraud-detection.spec.ts:11:16

    attachment #1: screenshot (image/png) ──────────────────────────────────────────────────────────
    ..\..\test-results\fraud-detection-FraudShiel-11365-andle-API-errors-gracefully-chromium\test-failed-1.png
    ────────────────────────────────────────────────────────────────────────────────────────────────

    attachment #2: video (video/webm) ──────────────────────────────────────────────────────────────
    ..\..\test-results\fraud-detection-FraudShiel-11365-andle-API-errors-gracefully-chromium\video.webm
    ────────────────────────────────────────────────────────────────────────────────────────────────
]]>
</failure>
<system-out>
<![CDATA[
[[ATTACHMENT|fraud-detection-FraudShiel-11365-andle-API-errors-gracefully-chromium\test-failed-1.png]]

[[ATTACHMENT|fraud-detection-FraudShiel-11365-andle-API-errors-gracefully-chromium\video.webm]]
]]>
</system-out>
</testcase>
<testcase name="FraudShield Modern Website E2E Tests › Error Handling and Edge Cases › should handle session expiration" classname="fraud-detection.spec.ts" time="3.633">
<failure message="fraud-detection.spec.ts:278:9 should handle session expiration" type="FAILURE">
<![CDATA[  [chromium] › fraud-detection.spec.ts:278:9 › FraudShield Modern Website E2E Tests › Error Handling and Edge Cases › should handle session expiration 

    Error: page.goto: net::ERR_CONNECTION_REFUSED at http://localhost:3000/
    Call log:
      - navigating to "http://localhost:3000/", waiting until "load"


       9 |   test.beforeEach(async ({ page }) => {
      10 |     // Navigate to the application
    > 11 |     await page.goto(BASE_URL);
         |                ^
      12 |   });
      13 |
      14 |   test.describe('Landing Page', () => {
        at C:\Users\sudan\OneDrive\Desktop\fraudsheild\tests\e2e\fraud-detection.spec.ts:11:16

    attachment #1: screenshot (image/png) ──────────────────────────────────────────────────────────
    ..\..\test-results\fraud-detection-FraudShiel-e3556-d-handle-session-expiration-chromium\test-failed-1.png
    ────────────────────────────────────────────────────────────────────────────────────────────────

    attachment #2: video (video/webm) ──────────────────────────────────────────────────────────────
    ..\..\test-results\fraud-detection-FraudShiel-e3556-d-handle-session-expiration-chromium\video.webm
    ────────────────────────────────────────────────────────────────────────────────────────────────
]]>
</failure>
<system-out>
<![CDATA[
[[ATTACHMENT|fraud-detection-FraudShiel-e3556-d-handle-session-expiration-chromium\test-failed-1.png]]

[[ATTACHMENT|fraud-detection-FraudShiel-e3556-d-handle-session-expiration-chromium\video.webm]]
]]>
</system-out>
</testcase>
<testcase name="FraudShield Modern Website E2E Tests › Accessibility › should have proper ARIA labels and keyboard navigation" classname="fraud-detection.spec.ts" time="3.665">
<failure message="fraud-detection.spec.ts:292:9 should have proper ARIA labels and keyboard navigation" type="FAILURE">
<![CDATA[  [chromium] › fraud-detection.spec.ts:292:9 › FraudShield Modern Website E2E Tests › Accessibility › should have proper ARIA labels and keyboard navigation 

    Error: page.goto: net::ERR_CONNECTION_REFUSED at http://localhost:3000/
    Call log:
      - navigating to "http://localhost:3000/", waiting until "load"


       9 |   test.beforeEach(async ({ page }) => {
      10 |     // Navigate to the application
    > 11 |     await page.goto(BASE_URL);
         |                ^
      12 |   });
      13 |
      14 |   test.describe('Landing Page', () => {
        at C:\Users\sudan\OneDrive\Desktop\fraudsheild\tests\e2e\fraud-detection.spec.ts:11:16

    attachment #1: screenshot (image/png) ──────────────────────────────────────────────────────────
    ..\..\test-results\fraud-detection-FraudShiel-fbd32-els-and-keyboard-navigation-chromium\test-failed-1.png
    ────────────────────────────────────────────────────────────────────────────────────────────────

    attachment #2: video (video/webm) ──────────────────────────────────────────────────────────────
    ..\..\test-results\fraud-detection-FraudShiel-fbd32-els-and-keyboard-navigation-chromium\video.webm
    ────────────────────────────────────────────────────────────────────────────────────────────────
]]>
</failure>
<system-out>
<![CDATA[
[[ATTACHMENT|fraud-detection-FraudShiel-fbd32-els-and-keyboard-navigation-chromium\test-failed-1.png]]

[[ATTACHMENT|fraud-detection-FraudShiel-fbd32-els-and-keyboard-navigation-chromium\video.webm]]
]]>
</system-out>
</testcase>
<testcase name="FraudShield Modern Website E2E Tests › Accessibility › should have sufficient color contrast for black/yellow theme" classname="fraud-detection.spec.ts" time="3.848">
<failure message="fraud-detection.spec.ts:307:9 should have sufficient color contrast for black/yellow theme" type="FAILURE">
<![CDATA[  [chromium] › fraud-detection.spec.ts:307:9 › FraudShield Modern Website E2E Tests › Accessibility › should have sufficient color contrast for black/yellow theme 

    Error: page.goto: net::ERR_CONNECTION_REFUSED at http://localhost:3000/
    Call log:
      - navigating to "http://localhost:3000/", waiting until "load"


       9 |   test.beforeEach(async ({ page }) => {
      10 |     // Navigate to the application
    > 11 |     await page.goto(BASE_URL);
         |                ^
      12 |   });
      13 |
      14 |   test.describe('Landing Page', () => {
        at C:\Users\sudan\OneDrive\Desktop\fraudsheild\tests\e2e\fraud-detection.spec.ts:11:16

    attachment #1: screenshot (image/png) ──────────────────────────────────────────────────────────
    ..\..\test-results\fraud-detection-FraudShiel-2a172-rast-for-black-yellow-theme-chromium\test-failed-1.png
    ────────────────────────────────────────────────────────────────────────────────────────────────

    attachment #2: video (video/webm) ──────────────────────────────────────────────────────────────
    ..\..\test-results\fraud-detection-FraudShiel-2a172-rast-for-black-yellow-theme-chromium\video.webm
    ────────────────────────────────────────────────────────────────────────────────────────────────
]]>
</failure>
<system-out>
<![CDATA[
[[ATTACHMENT|fraud-detection-FraudShiel-2a172-rast-for-black-yellow-theme-chromium\test-failed-1.png]]

[[ATTACHMENT|fraud-detection-FraudShiel-2a172-rast-for-black-yellow-theme-chromium\video.webm]]
]]>
</system-out>
</testcase>
</testsuite>
<testsuite name="provider-hydration.spec.ts" timestamp="2025-10-05T03:03:05.691Z" hostname="chromium" tests="8" failures="8" skipped="0" time="32.011" errors="0">
<testcase name="Provider Hydration and SSR Tests › should load homepage without React useReducer errors" classname="provider-hydration.spec.ts" time="3.692">
<failure message="provider-hydration.spec.ts:17:7 should load homepage without React useReducer errors" type="FAILURE">
<![CDATA[  [chromium] › provider-hydration.spec.ts:17:7 › Provider Hydration and SSR Tests › should load homepage without React useReducer errors 

    Error: page.goto: net::ERR_CONNECTION_REFUSED at http://localhost:3000/
    Call log:
      - navigating to "http://localhost:3000/", waiting until "load"


      17 |   test('should load homepage without React useReducer errors', async ({ page }) => {
      18 |     // Navigate to the application
    > 19 |     await page.goto('/');
         |                ^
      20 |     
      21 |     // Wait for the page to fully load and hydrate
      22 |     await page.waitForLoadState('networkidle');
        at C:\Users\sudan\OneDrive\Desktop\fraudsheild\tests\e2e\provider-hydration.spec.ts:19:16

    attachment #1: screenshot (image/png) ──────────────────────────────────────────────────────────
    ..\..\test-results\provider-hydration-Provide-f8cdd-out-React-useReducer-errors-chromium\test-failed-1.png
    ────────────────────────────────────────────────────────────────────────────────────────────────

    attachment #2: video (video/webm) ──────────────────────────────────────────────────────────────
    ..\..\test-results\provider-hydration-Provide-f8cdd-out-React-useReducer-errors-chromium\video.webm
    ────────────────────────────────────────────────────────────────────────────────────────────────
]]>
</failure>
<system-out>
<![CDATA[
[[ATTACHMENT|provider-hydration-Provide-f8cdd-out-React-useReducer-errors-chromium\test-failed-1.png]]

[[ATTACHMENT|provider-hydration-Provide-f8cdd-out-React-useReducer-errors-chromium\video.webm]]
]]>
</system-out>
</testcase>
<testcase name="Provider Hydration and SSR Tests › should display loading state during client-side provider hydration" classname="provider-hydration.spec.ts" time="3.54">
<failure message="provider-hydration.spec.ts:43:7 should display loading state during client-side provider hydration" type="FAILURE">
<![CDATA[  [chromium] › provider-hydration.spec.ts:43:7 › Provider Hydration and SSR Tests › should display loading state during client-side provider hydration 

    Error: page.goto: net::ERR_CONNECTION_REFUSED at http://localhost:3000/
    Call log:
      - navigating to "http://localhost:3000/", waiting until "load"


      43 |   test('should display loading state during client-side provider hydration', async ({ page }) => {
      44 |     // Navigate to the application
    > 45 |     await page.goto('/');
         |                ^
      46 |     
      47 |     // The loading spinner should appear briefly during hydration
      48 |     // We might catch it or it might be too fast - both are acceptable
        at C:\Users\sudan\OneDrive\Desktop\fraudsheild\tests\e2e\provider-hydration.spec.ts:45:16

    attachment #1: screenshot (image/png) ──────────────────────────────────────────────────────────
    ..\..\test-results\provider-hydration-Provide-da166-ent-side-provider-hydration-chromium\test-failed-1.png
    ────────────────────────────────────────────────────────────────────────────────────────────────

    attachment #2: video (video/webm) ──────────────────────────────────────────────────────────────
    ..\..\test-results\provider-hydration-Provide-da166-ent-side-provider-hydration-chromium\video.webm
    ────────────────────────────────────────────────────────────────────────────────────────────────
]]>
</failure>
<system-out>
<![CDATA[
[[ATTACHMENT|provider-hydration-Provide-da166-ent-side-provider-hydration-chromium\test-failed-1.png]]

[[ATTACHMENT|provider-hydration-Provide-da166-ent-side-provider-hydration-chromium\video.webm]]
]]>
</system-out>
</testcase>
<testcase name="Provider Hydration and SSR Tests › should handle Supabase provider initialization gracefully" classname="provider-hydration.spec.ts" time="4.086">
<failure message="provider-hydration.spec.ts:62:7 should handle Supabase provider initialization gracefully" type="FAILURE">
<![CDATA[  [chromium] › provider-hydration.spec.ts:62:7 › Provider Hydration and SSR Tests › should handle Supabase provider initialization gracefully 

    Error: page.goto: net::ERR_CONNECTION_REFUSED at http://localhost:3000/
    Call log:
      - navigating to "http://localhost:3000/", waiting until "load"


      70 |     
      71 |     // Navigate to the application
    > 72 |     await page.goto('/');
         |                ^
      73 |     await page.waitForLoadState('networkidle');
      74 |     await page.waitForTimeout(2000);
      75 |     
        at C:\Users\sudan\OneDrive\Desktop\fraudsheild\tests\e2e\provider-hydration.spec.ts:72:16

    attachment #1: screenshot (image/png) ──────────────────────────────────────────────────────────
    ..\..\test-results\provider-hydration-Provide-bf28a-r-initialization-gracefully-chromium\test-failed-1.png
    ────────────────────────────────────────────────────────────────────────────────────────────────

    attachment #2: video (video/webm) ──────────────────────────────────────────────────────────────
    ..\..\test-results\provider-hydration-Provide-bf28a-r-initialization-gracefully-chromium\video.webm
    ────────────────────────────────────────────────────────────────────────────────────────────────
]]>
</failure>
<system-out>
<![CDATA[
[[ATTACHMENT|provider-hydration-Provide-bf28a-r-initialization-gracefully-chromium\test-failed-1.png]]

[[ATTACHMENT|provider-hydration-Provide-bf28a-r-initialization-gracefully-chromium\video.webm]]
]]>
</system-out>
</testcase>
<testcase name="Provider Hydration and SSR Tests › should maintain proper component tree during SSR to CSR transition" classname="provider-hydration.spec.ts" time="3.955">
<failure message="provider-hydration.spec.ts:91:7 should maintain proper component tree during SSR to CSR transition" type="FAILURE">
<![CDATA[  [chromium] › provider-hydration.spec.ts:91:7 › Provider Hydration and SSR Tests › should maintain proper component tree during SSR to CSR transition 

    Error: page.goto: net::ERR_CONNECTION_REFUSED at http://localhost:3000/
    Call log:
      - navigating to "http://localhost:3000/", waiting until "load"


      91 |   test('should maintain proper component tree during SSR to CSR transition', async ({ page }) => {
      92 |     // Navigate to the application
    > 93 |     await page.goto('/');
         |                ^
      94 |     
      95 |     // Verify the basic HTML structure is present immediately (SSR)
      96 |     await expect(page.locator('html')).toHaveAttribute('lang', 'en');
        at C:\Users\sudan\OneDrive\Desktop\fraudsheild\tests\e2e\provider-hydration.spec.ts:93:16

    attachment #1: screenshot (image/png) ──────────────────────────────────────────────────────────
    ..\..\test-results\provider-hydration-Provide-121de-uring-SSR-to-CSR-transition-chromium\test-failed-1.png
    ────────────────────────────────────────────────────────────────────────────────────────────────

    attachment #2: video (video/webm) ──────────────────────────────────────────────────────────────
    ..\..\test-results\provider-hydration-Provide-121de-uring-SSR-to-CSR-transition-chromium\video.webm
    ────────────────────────────────────────────────────────────────────────────────────────────────
]]>
</failure>
<system-out>
<![CDATA[
[[ATTACHMENT|provider-hydration-Provide-121de-uring-SSR-to-CSR-transition-chromium\test-failed-1.png]]

[[ATTACHMENT|provider-hydration-Provide-121de-uring-SSR-to-CSR-transition-chromium\video.webm]]
]]>
</system-out>
</testcase>
<testcase name="Provider Hydration and SSR Tests › should recover gracefully from provider initialization failures" classname="provider-hydration.spec.ts" time="3.919">
<failure message="provider-hydration.spec.ts:122:7 should recover gracefully from provider initialization failures" type="FAILURE">
<![CDATA[  [chromium] › provider-hydration.spec.ts:122:7 › Provider Hydration and SSR Tests › should recover gracefully from provider initialization failures 

    Error: page.goto: net::ERR_CONNECTION_REFUSED at http://localhost:3000/
    Call log:
      - navigating to "http://localhost:3000/", waiting until "load"


      131 |     
      132 |     // Navigate to the application
    > 133 |     await page.goto('/');
          |                ^
      134 |     await page.waitForLoadState('networkidle');
      135 |     await page.waitForTimeout(2000);
      136 |     
        at C:\Users\sudan\OneDrive\Desktop\fraudsheild\tests\e2e\provider-hydration.spec.ts:133:16

    attachment #1: screenshot (image/png) ──────────────────────────────────────────────────────────
    ..\..\test-results\provider-hydration-Provide-fe1c3-der-initialization-failures-chromium\test-failed-1.png
    ────────────────────────────────────────────────────────────────────────────────────────────────

    attachment #2: video (video/webm) ──────────────────────────────────────────────────────────────
    ..\..\test-results\provider-hydration-Provide-fe1c3-der-initialization-failures-chromium\video.webm
    ────────────────────────────────────────────────────────────────────────────────────────────────
]]>
</failure>
<system-out>
<![CDATA[
[[ATTACHMENT|provider-hydration-Provide-fe1c3-der-initialization-failures-chromium\test-failed-1.png]]

[[ATTACHMENT|provider-hydration-Provide-fe1c3-der-initialization-failures-chromium\video.webm]]
]]>
</system-out>
</testcase>
<testcase name="Provider Hydration and SSR Tests › should handle rapid navigation without provider re-initialization errors" classname="provider-hydration.spec.ts" time="4.914">
<failure message="provider-hydration.spec.ts:153:7 should handle rapid navigation without provider re-initialization errors" type="FAILURE">
<![CDATA[  [chromium] › provider-hydration.spec.ts:153:7 › Provider Hydration and SSR Tests › should handle rapid navigation without provider re-initialization errors 

    Error: page.goto: net::ERR_CONNECTION_REFUSED at http://localhost:3000/
    Call log:
      - navigating to "http://localhost:3000/", waiting until "load"


      153 |   test('should handle rapid navigation without provider re-initialization errors', async ({ page }) => {
      154 |     // Navigate to the application
    > 155 |     await page.goto('/');
          |                ^
      156 |     await page.waitForLoadState('networkidle');
      157 |     await page.waitForTimeout(1000);
      158 |     
        at C:\Users\sudan\OneDrive\Desktop\fraudsheild\tests\e2e\provider-hydration.spec.ts:155:16

    attachment #1: screenshot (image/png) ──────────────────────────────────────────────────────────
    ..\..\test-results\provider-hydration-Provide-0dccb-er-re-initialization-errors-chromium\test-failed-1.png
    ────────────────────────────────────────────────────────────────────────────────────────────────

    attachment #2: video (video/webm) ──────────────────────────────────────────────────────────────
    ..\..\test-results\provider-hydration-Provide-0dccb-er-re-initialization-errors-chromium\video.webm
    ────────────────────────────────────────────────────────────────────────────────────────────────
]]>
</failure>
<system-out>
<![CDATA[
[[ATTACHMENT|provider-hydration-Provide-0dccb-er-re-initialization-errors-chromium\test-failed-1.png]]

[[ATTACHMENT|provider-hydration-Provide-0dccb-er-re-initialization-errors-chromium\video.webm]]
]]>
</system-out>
</testcase>
<testcase name="Provider Hydration and SSR Tests › should display proper loading states before provider hydration" classname="provider-hydration.spec.ts" time="3.895">
<failure message="provider-hydration.spec.ts:187:7 should display proper loading states before provider hydration" type="FAILURE">
<![CDATA[  [chromium] › provider-hydration.spec.ts:187:7 › Provider Hydration and SSR Tests › should display proper loading states before provider hydration 

    Error: page.goto: net::ERR_CONNECTION_REFUSED at http://localhost:3000/
    Call log:
      - navigating to "http://localhost:3000/", waiting until "load"


      192 |     });
      193 |     
    > 194 |     await page.goto('/');
          |                ^
      195 |     
      196 |     // Loading spinner or skeleton should be visible during hydration delay
      197 |     const loadingElements = page.locator('.animate-spin, .animate-pulse, [data-testid*="loading"]');
        at C:\Users\sudan\OneDrive\Desktop\fraudsheild\tests\e2e\provider-hydration.spec.ts:194:16

    attachment #1: screenshot (image/png) ──────────────────────────────────────────────────────────
    ..\..\test-results\provider-hydration-Provide-92baf-s-before-provider-hydration-chromium\test-failed-1.png
    ────────────────────────────────────────────────────────────────────────────────────────────────

    attachment #2: video (video/webm) ──────────────────────────────────────────────────────────────
    ..\..\test-results\provider-hydration-Provide-92baf-s-before-provider-hydration-chromium\video.webm
    ────────────────────────────────────────────────────────────────────────────────────────────────
]]>
</failure>
<system-out>
<![CDATA[
[[ATTACHMENT|provider-hydration-Provide-92baf-s-before-provider-hydration-chromium\test-failed-1.png]]

[[ATTACHMENT|provider-hydration-Provide-92baf-s-before-provider-hydration-chromium\video.webm]]
]]>
</system-out>
</testcase>
<testcase name="Provider Hydration and SSR Tests › should preserve theme and styling during provider hydration" classname="provider-hydration.spec.ts" time="4.01">
<failure message="provider-hydration.spec.ts:208:7 should preserve theme and styling during provider hydration" type="FAILURE">
<![CDATA[  [chromium] › provider-hydration.spec.ts:208:7 › Provider Hydration and SSR Tests › should preserve theme and styling during provider hydration 

    Error: page.goto: net::ERR_CONNECTION_REFUSED at http://localhost:3000/
    Call log:
      - navigating to "http://localhost:3000/", waiting until "load"


      208 |   test('should preserve theme and styling during provider hydration', async ({ page }) => {
      209 |     // Navigate to the application
    > 210 |     await page.goto('/');
          |                ^
      211 |     
      212 |     // Check initial styling (should be applied via SSR/CSS)
      213 |     await expect(page.locator('body')).toHaveClass(/bg-dark-900/);
        at C:\Users\sudan\OneDrive\Desktop\fraudsheild\tests\e2e\provider-hydration.spec.ts:210:16

    attachment #1: screenshot (image/png) ──────────────────────────────────────────────────────────
    ..\..\test-results\provider-hydration-Provide-9d4b0-g-during-provider-hydration-chromium\test-failed-1.png
    ────────────────────────────────────────────────────────────────────────────────────────────────

    attachment #2: video (video/webm) ──────────────────────────────────────────────────────────────
    ..\..\test-results\provider-hydration-Provide-9d4b0-g-during-provider-hydration-chromium\video.webm
    ────────────────────────────────────────────────────────────────────────────────────────────────
]]>
</failure>
<system-out>
<![CDATA[
[[ATTACHMENT|provider-hydration-Provide-9d4b0-g-during-provider-hydration-chromium\test-failed-1.png]]

[[ATTACHMENT|provider-hydration-Provide-9d4b0-g-during-provider-hydration-chromium\video.webm]]
]]>
</system-out>
</testcase>
</testsuite>
<testsuite name="fraud-detection.spec.ts" timestamp="2025-10-05T03:03:05.691Z" hostname="firefox" tests="18" failures="17" skipped="0" time="467.229" errors="0">
<testcase name="FraudShield Modern Website E2E Tests › Landing Page › should display landing page with 3D elements and black/yellow theme" classname="fraud-detection.spec.ts" time="7.919">
<failure message="fraud-detection.spec.ts:15:9 should display landing page with 3D elements and black/yellow theme" type="FAILURE">
<![CDATA[  [firefox] › fraud-detection.spec.ts:15:9 › FraudShield Modern Website E2E Tests › Landing Page › should display landing page with 3D elements and black/yellow theme 

    Error: page.goto: NS_ERROR_CONNECTION_REFUSED
    Call log:
      - navigating to "http://localhost:3000/", waiting until "load"


       9 |   test.beforeEach(async ({ page }) => {
      10 |     // Navigate to the application
    > 11 |     await page.goto(BASE_URL);
         |                ^
      12 |   });
      13 |
      14 |   test.describe('Landing Page', () => {
        at C:\Users\sudan\OneDrive\Desktop\fraudsheild\tests\e2e\fraud-detection.spec.ts:11:16

    attachment #1: screenshot (image/png) ──────────────────────────────────────────────────────────
    ..\..\test-results\fraud-detection-FraudShiel-b4deb-ents-and-black-yellow-theme-firefox\test-failed-1.png
    ────────────────────────────────────────────────────────────────────────────────────────────────

    attachment #2: video (video/webm) ──────────────────────────────────────────────────────────────
    ..\..\test-results\fraud-detection-FraudShiel-b4deb-ents-and-black-yellow-theme-firefox\video.webm
    ────────────────────────────────────────────────────────────────────────────────────────────────

    Error Context: ..\..\test-results\fraud-detection-FraudShiel-b4deb-ents-and-black-yellow-theme-firefox\error-context.md
]]>
</failure>
<system-out>
<![CDATA[
[[ATTACHMENT|fraud-detection-FraudShiel-b4deb-ents-and-black-yellow-theme-firefox\test-failed-1.png]]

[[ATTACHMENT|fraud-detection-FraudShiel-b4deb-ents-and-black-yellow-theme-firefox\video.webm]]

[[ATTACHMENT|fraud-detection-FraudShiel-b4deb-ents-and-black-yellow-theme-firefox\error-context.md]]
]]>
</system-out>
</testcase>
<testcase name="FraudShield Modern Website E2E Tests › Landing Page › should have working navigation" classname="fraud-detection.spec.ts" time="10.714">
<failure message="fraud-detection.spec.ts:38:9 should have working navigation" type="FAILURE">
<![CDATA[  [firefox] › fraud-detection.spec.ts:38:9 › FraudShield Modern Website E2E Tests › Landing Page › should have working navigation 

    Error: page.goto: NS_ERROR_CONNECTION_REFUSED
    Call log:
      - navigating to "http://localhost:3000/", waiting until "load"


       9 |   test.beforeEach(async ({ page }) => {
      10 |     // Navigate to the application
    > 11 |     await page.goto(BASE_URL);
         |                ^
      12 |   });
      13 |
      14 |   test.describe('Landing Page', () => {
        at C:\Users\sudan\OneDrive\Desktop\fraudsheild\tests\e2e\fraud-detection.spec.ts:11:16

    attachment #1: screenshot (image/png) ──────────────────────────────────────────────────────────
    ..\..\test-results\fraud-detection-FraudShiel-c158f-uld-have-working-navigation-firefox\test-failed-1.png
    ────────────────────────────────────────────────────────────────────────────────────────────────

    attachment #2: video (video/webm) ──────────────────────────────────────────────────────────────
    ..\..\test-results\fraud-detection-FraudShiel-c158f-uld-have-working-navigation-firefox\video.webm
    ────────────────────────────────────────────────────────────────────────────────────────────────

    Error Context: ..\..\test-results\fraud-detection-FraudShiel-c158f-uld-have-working-navigation-firefox\error-context.md
]]>
</failure>
<system-out>
<![CDATA[
[[ATTACHMENT|fraud-detection-FraudShiel-c158f-uld-have-working-navigation-firefox\test-failed-1.png]]

[[ATTACHMENT|fraud-detection-FraudShiel-c158f-uld-have-working-navigation-firefox\video.webm]]

[[ATTACHMENT|fraud-detection-FraudShiel-c158f-uld-have-working-navigation-firefox\error-context.md]]
]]>
</system-out>
</testcase>
<testcase name="FraudShield Modern Website E2E Tests › Landing Page › should display responsive design" classname="fraud-detection.spec.ts" time="33.637">
<failure message="fraud-detection.spec.ts:52:9 should display responsive design" type="FAILURE">
<![CDATA[  [firefox] › fraud-detection.spec.ts:52:9 › FraudShield Modern Website E2E Tests › Landing Page › should display responsive design 

    Test timeout of 30000ms exceeded while running "beforeEach" hook.

       7 |
       8 | test.describe('FraudShield Modern Website E2E Tests', () => {
    >  9 |   test.beforeEach(async ({ page }) => {
         |        ^
      10 |     // Navigate to the application
      11 |     await page.goto(BASE_URL);
      12 |   });
        at C:\Users\sudan\OneDrive\Desktop\fraudsheild\tests\e2e\fraud-detection.spec.ts:9:8

    Error: page.goto: Test timeout of 30000ms exceeded.
    Call log:
      - navigating to "http://localhost:3000/", waiting until "load"


       9 |   test.beforeEach(async ({ page }) => {
      10 |     // Navigate to the application
    > 11 |     await page.goto(BASE_URL);
         |                ^
      12 |   });
      13 |
      14 |   test.describe('Landing Page', () => {
        at C:\Users\sudan\OneDrive\Desktop\fraudsheild\tests\e2e\fraud-detection.spec.ts:11:16

    attachment #1: screenshot (image/png) ──────────────────────────────────────────────────────────
    ..\..\test-results\fraud-detection-FraudShiel-f56bb-d-display-responsive-design-firefox\test-failed-1.png
    ────────────────────────────────────────────────────────────────────────────────────────────────

    attachment #2: video (video/webm) ──────────────────────────────────────────────────────────────
    ..\..\test-results\fraud-detection-FraudShiel-f56bb-d-display-responsive-design-firefox\video.webm
    ────────────────────────────────────────────────────────────────────────────────────────────────
]]>
</failure>
<system-out>
<![CDATA[
[[ATTACHMENT|fraud-detection-FraudShiel-f56bb-d-display-responsive-design-firefox\test-failed-1.png]]

[[ATTACHMENT|fraud-detection-FraudShiel-f56bb-d-display-responsive-design-firefox\video.webm]]
]]>
</system-out>
</testcase>
<testcase name="FraudShield Modern Website E2E Tests › User Authentication › should register new user successfully" classname="fraud-detection.spec.ts" time="39.774">
<failure message="fraud-detection.spec.ts:75:9 should register new user successfully" type="FAILURE">
<![CDATA[  [firefox] › fraud-detection.spec.ts:75:9 › FraudShield Modern Website E2E Tests › User Authentication › should register new user successfully 

    Test timeout of 30000ms exceeded.

    Error: page.goto: Test timeout of 30000ms exceeded.
    Call log:
      - navigating to "http://localhost:3000/auth/register", waiting until "load"


      74 |   test.describe('User Authentication', () => {
      75 |     test('should register new user successfully', async ({ page }) => {
    > 76 |       await page.goto(`${BASE_URL}/auth/register`);
         |                  ^
      77 |       
      78 |       // Fill registration form
      79 |       await page.fill('input[name="email"]', TEST_USER_EMAIL);
        at C:\Users\sudan\OneDrive\Desktop\fraudsheild\tests\e2e\fraud-detection.spec.ts:76:18

    attachment #1: screenshot (image/png) ──────────────────────────────────────────────────────────
    ..\..\test-results\fraud-detection-FraudShiel-8f35b-ister-new-user-successfully-firefox\test-failed-1.png
    ────────────────────────────────────────────────────────────────────────────────────────────────

    attachment #2: video (video/webm) ──────────────────────────────────────────────────────────────
    ..\..\test-results\fraud-detection-FraudShiel-8f35b-ister-new-user-successfully-firefox\video.webm
    ────────────────────────────────────────────────────────────────────────────────────────────────

    Error Context: ..\..\test-results\fraud-detection-FraudShiel-8f35b-ister-new-user-successfully-firefox\error-context.md
]]>
</failure>
<system-out>
<![CDATA[
[[ATTACHMENT|fraud-detection-FraudShiel-8f35b-ister-new-user-successfully-firefox\test-failed-1.png]]

[[ATTACHMENT|fraud-detection-FraudShiel-8f35b-ister-new-user-successfully-firefox\video.webm]]

[[ATTACHMENT|fraud-detection-FraudShiel-8f35b-ister-new-user-successfully-firefox\error-context.md]]
]]>
</system-out>
</testcase>
<testcase name="FraudShield Modern Website E2E Tests › User Authentication › should validate registration form inputs" classname="fraud-detection.spec.ts" time="33.431">
<failure message="fraud-detection.spec.ts:90:9 should validate registration form inputs" type="FAILURE">
<![CDATA[  [firefox] › fraud-detection.spec.ts:90:9 › FraudShield Modern Website E2E Tests › User Authentication › should validate registration form inputs 

    Test timeout of 30000ms exceeded while running "beforeEach" hook.

       7 |
       8 | test.describe('FraudShield Modern Website E2E Tests', () => {
    >  9 |   test.beforeEach(async ({ page }) => {
         |        ^
      10 |     // Navigate to the application
      11 |     await page.goto(BASE_URL);
      12 |   });
        at C:\Users\sudan\OneDrive\Desktop\fraudsheild\tests\e2e\fraud-detection.spec.ts:9:8

    Error: page.goto: Test timeout of 30000ms exceeded.
    Call log:
      - navigating to "http://localhost:3000/", waiting until "load"


       9 |   test.beforeEach(async ({ page }) => {
      10 |     // Navigate to the application
    > 11 |     await page.goto(BASE_URL);
         |                ^
      12 |   });
      13 |
      14 |   test.describe('Landing Page', () => {
        at C:\Users\sudan\OneDrive\Desktop\fraudsheild\tests\e2e\fraud-detection.spec.ts:11:16

    attachment #1: screenshot (image/png) ──────────────────────────────────────────────────────────
    ..\..\test-results\fraud-detection-FraudShiel-7e5db-te-registration-form-inputs-firefox\test-failed-1.png
    ────────────────────────────────────────────────────────────────────────────────────────────────

    attachment #2: video (video/webm) ──────────────────────────────────────────────────────────────
    ..\..\test-results\fraud-detection-FraudShiel-7e5db-te-registration-form-inputs-firefox\video.webm
    ────────────────────────────────────────────────────────────────────────────────────────────────
]]>
</failure>
<system-out>
<![CDATA[
[[ATTACHMENT|fraud-detection-FraudShiel-7e5db-te-registration-form-inputs-firefox\test-failed-1.png]]

[[ATTACHMENT|fraud-detection-FraudShiel-7e5db-te-registration-form-inputs-firefox\video.webm]]
]]>
</system-out>
</testcase>
<testcase name="FraudShield Modern Website E2E Tests › User Authentication › should login existing user" classname="fraud-detection.spec.ts" time="31.328">
<failure message="fraud-detection.spec.ts:110:9 should login existing user" type="FAILURE">
<![CDATA[  [firefox] › fraud-detection.spec.ts:110:9 › FraudShield Modern Website E2E Tests › User Authentication › should login existing user 

    Test timeout of 30000ms exceeded while running "beforeEach" hook.

       7 |
       8 | test.describe('FraudShield Modern Website E2E Tests', () => {
    >  9 |   test.beforeEach(async ({ page }) => {
         |        ^
      10 |     // Navigate to the application
      11 |     await page.goto(BASE_URL);
      12 |   });
        at C:\Users\sudan\OneDrive\Desktop\fraudsheild\tests\e2e\fraud-detection.spec.ts:9:8

    attachment #1: screenshot (image/png) ──────────────────────────────────────────────────────────
    ..\..\test-results\fraud-detection-FraudShiel-2e81f--should-login-existing-user-firefox\test-failed-1.png
    ────────────────────────────────────────────────────────────────────────────────────────────────

    attachment #2: video (video/webm) ──────────────────────────────────────────────────────────────
    ..\..\test-results\fraud-detection-FraudShiel-2e81f--should-login-existing-user-firefox\video.webm
    ────────────────────────────────────────────────────────────────────────────────────────────────

    Error Context: ..\..\test-results\fraud-detection-FraudShiel-2e81f--should-login-existing-user-firefox\error-context.md
]]>
</failure>
<system-out>
<![CDATA[
[[ATTACHMENT|fraud-detection-FraudShiel-2e81f--should-login-existing-user-firefox\test-failed-1.png]]

[[ATTACHMENT|fraud-detection-FraudShiel-2e81f--should-login-existing-user-firefox\video.webm]]

[[ATTACHMENT|fraud-detection-FraudShiel-2e81f--should-login-existing-user-firefox\error-context.md]]
]]>
</system-out>
</testcase>
<testcase name="FraudShield Modern Website E2E Tests › User Authentication › should handle login errors gracefully" classname="fraud-detection.spec.ts" time="30.584">
<failure message="fraud-detection.spec.ts:131:9 should handle login errors gracefully" type="FAILURE">
<![CDATA[  [firefox] › fraud-detection.spec.ts:131:9 › FraudShield Modern Website E2E Tests › User Authentication › should handle login errors gracefully 

    Test timeout of 30000ms exceeded while running "beforeEach" hook.

       7 |
       8 | test.describe('FraudShield Modern Website E2E Tests', () => {
    >  9 |   test.beforeEach(async ({ page }) => {
         |        ^
      10 |     // Navigate to the application
      11 |     await page.goto(BASE_URL);
      12 |   });
        at C:\Users\sudan\OneDrive\Desktop\fraudsheild\tests\e2e\fraud-detection.spec.ts:9:8

    Error: page.goto: Test timeout of 30000ms exceeded.
    Call log:
      - navigating to "http://localhost:3000/", waiting until "load"


       9 |   test.beforeEach(async ({ page }) => {
      10 |     // Navigate to the application
    > 11 |     await page.goto(BASE_URL);
         |                ^
      12 |   });
      13 |
      14 |   test.describe('Landing Page', () => {
        at C:\Users\sudan\OneDrive\Desktop\fraudsheild\tests\e2e\fraud-detection.spec.ts:11:16

    attachment #1: screenshot (image/png) ──────────────────────────────────────────────────────────
    ..\..\test-results\fraud-detection-FraudShiel-dc34b-dle-login-errors-gracefully-firefox\test-failed-1.png
    ────────────────────────────────────────────────────────────────────────────────────────────────

    attachment #2: video (video/webm) ──────────────────────────────────────────────────────────────
    ..\..\test-results\fraud-detection-FraudShiel-dc34b-dle-login-errors-gracefully-firefox\video.webm
    ────────────────────────────────────────────────────────────────────────────────────────────────
]]>
</failure>
<system-out>
<![CDATA[
[[ATTACHMENT|fraud-detection-FraudShiel-dc34b-dle-login-errors-gracefully-firefox\test-failed-1.png]]

[[ATTACHMENT|fraud-detection-FraudShiel-dc34b-dle-login-errors-gracefully-firefox\video.webm]]
]]>
</system-out>
</testcase>
<testcase name="FraudShield Modern Website E2E Tests › Dashboard Fraud Analysis › should display dashboard with fraud analysis form" classname="fraud-detection.spec.ts" time="32.804">
<failure message="fraud-detection.spec.ts:154:9 should display dashboard with fraud analysis form" type="FAILURE">
<![CDATA[  [firefox] › fraud-detection.spec.ts:154:9 › FraudShield Modern Website E2E Tests › Dashboard Fraud Analysis › should display dashboard with fraud analysis form 

    Test timeout of 30000ms exceeded while running "beforeEach" hook.

      143 |
      144 |   test.describe('Dashboard Fraud Analysis', () => {
    > 145 |     test.beforeEach(async ({ page }) => {
          |          ^
      146 |       // Login before each dashboard test
      147 |       await page.goto(`${BASE_URL}/auth/login`);
      148 |       await page.fill('input[name="email"]', 'demo@fraudshield.com');
        at C:\Users\sudan\OneDrive\Desktop\fraudsheild\tests\e2e\fraud-detection.spec.ts:145:10

    Error: page.goto: Test timeout of 30000ms exceeded.
    Call log:
      - navigating to "http://localhost:3000/auth/login", waiting until "load"


      145 |     test.beforeEach(async ({ page }) => {
      146 |       // Login before each dashboard test
    > 147 |       await page.goto(`${BASE_URL}/auth/login`);
          |                  ^
      148 |       await page.fill('input[name="email"]', 'demo@fraudshield.com');
      149 |       await page.fill('input[name="password"]', 'demo123');
      150 |       await page.click('button[type="submit"]');
        at C:\Users\sudan\OneDrive\Desktop\fraudsheild\tests\e2e\fraud-detection.spec.ts:147:18

    attachment #1: screenshot (image/png) ──────────────────────────────────────────────────────────
    ..\..\test-results\fraud-detection-FraudShiel-6d5aa-rd-with-fraud-analysis-form-firefox\test-failed-1.png
    ────────────────────────────────────────────────────────────────────────────────────────────────

    attachment #2: video (video/webm) ──────────────────────────────────────────────────────────────
    ..\..\test-results\fraud-detection-FraudShiel-6d5aa-rd-with-fraud-analysis-form-firefox\video.webm
    ────────────────────────────────────────────────────────────────────────────────────────────────
]]>
</failure>
<system-out>
<![CDATA[
[[ATTACHMENT|fraud-detection-FraudShiel-6d5aa-rd-with-fraud-analysis-form-firefox\test-failed-1.png]]

[[ATTACHMENT|fraud-detection-FraudShiel-6d5aa-rd-with-fraud-analysis-form-firefox\video.webm]]
]]>
</system-out>
</testcase>
<testcase name="FraudShield Modern Website E2E Tests › Dashboard Fraud Analysis › should perform fraud analysis with valid transaction data" classname="fraud-detection.spec.ts" time="31.334">
<failure message="fraud-detection.spec.ts:166:9 should perform fraud analysis with valid transaction data" type="FAILURE">
<![CDATA[  [firefox] › fraud-detection.spec.ts:166:9 › FraudShield Modern Website E2E Tests › Dashboard Fraud Analysis › should perform fraud analysis with valid transaction data 

    Test timeout of 30000ms exceeded while running "beforeEach" hook.

      143 |
      144 |   test.describe('Dashboard Fraud Analysis', () => {
    > 145 |     test.beforeEach(async ({ page }) => {
          |          ^
      146 |       // Login before each dashboard test
      147 |       await page.goto(`${BASE_URL}/auth/login`);
      148 |       await page.fill('input[name="email"]', 'demo@fraudshield.com');
        at C:\Users\sudan\OneDrive\Desktop\fraudsheild\tests\e2e\fraud-detection.spec.ts:145:10

    Error: page.fill: Test timeout of 30000ms exceeded.
    Call log:
      - waiting for locator('input[name="email"]')


      146 |       // Login before each dashboard test
      147 |       await page.goto(`${BASE_URL}/auth/login`);
    > 148 |       await page.fill('input[name="email"]', 'demo@fraudshield.com');
          |                  ^
      149 |       await page.fill('input[name="password"]', 'demo123');
      150 |       await page.click('button[type="submit"]');
      151 |       await expect(page).toHaveURL(/.*\/dashboard/, { timeout: 10000 });
        at C:\Users\sudan\OneDrive\Desktop\fraudsheild\tests\e2e\fraud-detection.spec.ts:148:18

    attachment #1: screenshot (image/png) ──────────────────────────────────────────────────────────
    ..\..\test-results\fraud-detection-FraudShiel-bb6e0-with-valid-transaction-data-firefox\test-failed-1.png
    ────────────────────────────────────────────────────────────────────────────────────────────────

    attachment #2: video (video/webm) ──────────────────────────────────────────────────────────────
    ..\..\test-results\fraud-detection-FraudShiel-bb6e0-with-valid-transaction-data-firefox\video.webm
    ────────────────────────────────────────────────────────────────────────────────────────────────

    Error Context: ..\..\test-results\fraud-detection-FraudShiel-bb6e0-with-valid-transaction-data-firefox\error-context.md
]]>
</failure>
<system-out>
<![CDATA[
[[ATTACHMENT|fraud-detection-FraudShiel-bb6e0-with-valid-transaction-data-firefox\test-failed-1.png]]

[[ATTACHMENT|fraud-detection-FraudShiel-bb6e0-with-valid-transaction-data-firefox\video.webm]]

[[ATTACHMENT|fraud-detection-FraudShiel-bb6e0-with-valid-transaction-data-firefox\error-context.md]]
]]>
</system-out>
</testcase>
<testcase name="FraudShield Modern Website E2E Tests › Dashboard Fraud Analysis › should validate form inputs" classname="fraud-detection.spec.ts" time="30.832">
<failure message="fraud-detection.spec.ts:192:9 should validate form inputs" type="FAILURE">
<![CDATA[  [firefox] › fraud-detection.spec.ts:192:9 › FraudShield Modern Website E2E Tests › Dashboard Fraud Analysis › should validate form inputs 

    Test timeout of 30000ms exceeded while running "beforeEach" hook.

      143 |
      144 |   test.describe('Dashboard Fraud Analysis', () => {
    > 145 |     test.beforeEach(async ({ page }) => {
          |          ^
      146 |       // Login before each dashboard test
      147 |       await page.goto(`${BASE_URL}/auth/login`);
      148 |       await page.fill('input[name="email"]', 'demo@fraudshield.com');
        at C:\Users\sudan\OneDrive\Desktop\fraudsheild\tests\e2e\fraud-detection.spec.ts:145:10

    Error: page.fill: Test timeout of 30000ms exceeded.
    Call log:
      - waiting for locator('input[name="email"]')


      146 |       // Login before each dashboard test
      147 |       await page.goto(`${BASE_URL}/auth/login`);
    > 148 |       await page.fill('input[name="email"]', 'demo@fraudshield.com');
          |                  ^
      149 |       await page.fill('input[name="password"]', 'demo123');
      150 |       await page.click('button[type="submit"]');
      151 |       await expect(page).toHaveURL(/.*\/dashboard/, { timeout: 10000 });
        at C:\Users\sudan\OneDrive\Desktop\fraudsheild\tests\e2e\fraud-detection.spec.ts:148:18

    attachment #1: screenshot (image/png) ──────────────────────────────────────────────────────────
    ..\..\test-results\fraud-detection-FraudShiel-8a7cf-should-validate-form-inputs-firefox\test-failed-1.png
    ────────────────────────────────────────────────────────────────────────────────────────────────

    attachment #2: video (video/webm) ──────────────────────────────────────────────────────────────
    ..\..\test-results\fraud-detection-FraudShiel-8a7cf-should-validate-form-inputs-firefox\video.webm
    ────────────────────────────────────────────────────────────────────────────────────────────────

    Error Context: ..\..\test-results\fraud-detection-FraudShiel-8a7cf-should-validate-form-inputs-firefox\error-context.md
]]>
</failure>
<system-out>
<![CDATA[
[[ATTACHMENT|fraud-detection-FraudShiel-8a7cf-should-validate-form-inputs-firefox\test-failed-1.png]]

[[ATTACHMENT|fraud-detection-FraudShiel-8a7cf-should-validate-form-inputs-firefox\video.webm]]

[[ATTACHMENT|fraud-detection-FraudShiel-8a7cf-should-validate-form-inputs-firefox\error-context.md]]
]]>
</system-out>
</testcase>
<testcase name="FraudShield Modern Website E2E Tests › Dashboard Fraud Analysis › should display analysis history" classname="fraud-detection.spec.ts" time="30.54">
<failure message="fraud-detection.spec.ts:204:9 should display analysis history" type="FAILURE">
<![CDATA[  [firefox] › fraud-detection.spec.ts:204:9 › FraudShield Modern Website E2E Tests › Dashboard Fraud Analysis › should display analysis history 

    Test timeout of 30000ms exceeded while running "beforeEach" hook.

      143 |
      144 |   test.describe('Dashboard Fraud Analysis', () => {
    > 145 |     test.beforeEach(async ({ page }) => {
          |          ^
      146 |       // Login before each dashboard test
      147 |       await page.goto(`${BASE_URL}/auth/login`);
      148 |       await page.fill('input[name="email"]', 'demo@fraudshield.com');
        at C:\Users\sudan\OneDrive\Desktop\fraudsheild\tests\e2e\fraud-detection.spec.ts:145:10

    Error: page.fill: Test timeout of 30000ms exceeded.
    Call log:
      - waiting for locator('input[name="email"]')


      146 |       // Login before each dashboard test
      147 |       await page.goto(`${BASE_URL}/auth/login`);
    > 148 |       await page.fill('input[name="email"]', 'demo@fraudshield.com');
          |                  ^
      149 |       await page.fill('input[name="password"]', 'demo123');
      150 |       await page.click('button[type="submit"]');
      151 |       await expect(page).toHaveURL(/.*\/dashboard/, { timeout: 10000 });
        at C:\Users\sudan\OneDrive\Desktop\fraudsheild\tests\e2e\fraud-detection.spec.ts:148:18

    attachment #1: screenshot (image/png) ──────────────────────────────────────────────────────────
    ..\..\test-results\fraud-detection-FraudShiel-86091-ld-display-analysis-history-firefox\test-failed-1.png
[...]
<failure message="fraud-detection.spec.ts:292:9 should have proper ARIA labels and keyboard navigation" type="FAILURE">
<![CDATA[  [Microsoft Edge] › fraud-detection.spec.ts:292:9 › FraudShield Modern Website E2E Tests › Accessibility › should have proper ARIA labels and keyboard navigation 

    Error: worker process exited unexpectedly (code=1, signal=null)
]]>
</failure>
</testcase>
<testcase name="FraudShield Modern Website E2E Tests › Accessibility › should have sufficient color contrast for black/yellow theme" classname="fraud-detection.spec.ts" time="0">
<failure message="fraud-detection.spec.ts:307:9 should have sufficient color contrast for black/yellow theme" type="FAILURE">
<![CDATA[  [Microsoft Edge] › fraud-detection.spec.ts:307:9 › FraudShield Modern Website E2E Tests › Accessibility › should have sufficient color contrast for black/yellow theme 

    Error: worker process exited unexpectedly (code=1, signal=null)
]]>
</failure>
</testcase>
</testsuite>
<testsuite name="provider-hydration.spec.ts" timestamp="2025-10-05T03:03:05.691Z" hostname="Microsoft Edge" tests="8" failures="8" skipped="0" time="0" errors="0">
<testcase name="Provider Hydration and SSR Tests › should load homepage without React useReducer errors" classname="provider-hydration.spec.ts" time="0">
<failure message="provider-hydration.spec.ts:17:7 should load homepage without React useReducer errors" type="FAILURE">
<![CDATA[  [Microsoft Edge] › provider-hydration.spec.ts:17:7 › Provider Hydration and SSR Tests › should load homepage without React useReducer errors 

    Error: worker process exited unexpectedly (code=1, signal=null)
]]>
</failure>
</testcase>
<testcase name="Provider Hydration and SSR Tests › should display loading state during client-side provider hydration" classname="provider-hydration.spec.ts" time="0">
<failure message="provider-hydration.spec.ts:43:7 should display loading state during client-side provider hydration" type="FAILURE">
<![CDATA[  [Microsoft Edge] › provider-hydration.spec.ts:43:7 › Provider Hydration and SSR Tests › should display loading state during client-side provider hydration 

    Error: worker process exited unexpectedly (code=1, signal=null)
]]>
</failure>
</testcase>
<testcase name="Provider Hydration and SSR Tests › should handle Supabase provider initialization gracefully" classname="provider-hydration.spec.ts" time="0">
<failure message="provider-hydration.spec.ts:62:7 should handle Supabase provider initialization gracefully" type="FAILURE">
<![CDATA[  [Microsoft Edge] › provider-hydration.spec.ts:62:7 › Provider Hydration and SSR Tests › should handle Supabase provider initialization gracefully 

    Error: worker process exited unexpectedly (code=1, signal=null)
]]>
</failure>
</testcase>
<testcase name="Provider Hydration and SSR Tests › should maintain proper component tree during SSR to CSR transition" classname="provider-hydration.spec.ts" time="0">
<failure message="provider-hydration.spec.ts:91:7 should maintain proper component tree during SSR to CSR transition" type="FAILURE">
<![CDATA[  [Microsoft Edge] › provider-hydration.spec.ts:91:7 › Provider Hydration and SSR Tests › should maintain proper component tree during SSR to CSR transition 

    Error: worker process exited unexpectedly (code=1, signal=null)
]]>
</failure>
</testcase>
<testcase name="Provider Hydration and SSR Tests › should recover gracefully from provider initialization failures" classname="provider-hydration.spec.ts" time="0">
<failure message="provider-hydration.spec.ts:122:7 should recover gracefully from provider initialization failures" type="FAILURE">
<![CDATA[  [Microsoft Edge] › provider-hydration.spec.ts:122:7 › Provider Hydration and SSR Tests › should recover gracefully from provider initialization failures 

    Error: worker process exited unexpectedly (code=1, signal=null)
]]>
</failure>
</testcase>
<testcase name="Provider Hydration and SSR Tests › should handle rapid navigation without provider re-initialization errors" classname="provider-hydration.spec.ts" time="0">
<failure message="provider-hydration.spec.ts:153:7 should handle rapid navigation without provider re-initialization errors" type="FAILURE">
<![CDATA[  [Microsoft Edge] › provider-hydration.spec.ts:153:7 › Provider Hydration and SSR Tests › should handle rapid navigation without provider re-initialization errors 

    Error: worker process exited unexpectedly (code=1, signal=null)
]]>
</failure>
</testcase>
<testcase name="Provider Hydration and SSR Tests › should display proper loading states before provider hydration" classname="provider-hydration.spec.ts" time="0">
<failure message="provider-hydration.spec.ts:187:7 should display proper loading states before provider hydration" type="FAILURE">
<![CDATA[  [Microsoft Edge] › provider-hydration.spec.ts:187:7 › Provider Hydration and SSR Tests › should display proper loading states before provider hydration 

    Error: worker process exited unexpectedly (code=1, signal=null)
]]>
</failure>
</testcase>
<testcase name="Provider Hydration and SSR Tests › should preserve theme and styling during provider hydration" classname="provider-hydration.spec.ts" time="0">
<failure message="provider-hydration.spec.ts:208:7 should preserve theme and styling during provider hydration" type="FAILURE">
<![CDATA[  [Microsoft Edge] › provider-hydration.spec.ts:208:7 › Provider Hydration and SSR Tests › should preserve theme and styling during provider hydration 

    Error: worker process exited unexpectedly (code=1, signal=null)
]]>
</failure>
</testcase>
</testsuite>
<testsuite name="fraud-detection.spec.ts" timestamp="2025-10-05T03:03:05.691Z" hostname="Google Chrome" tests="18" failures="18" skipped="0" time="0" errors="0">
<testcase name="FraudShield Modern Website E2E Tests › Landing Page › should display landing page with 3D elements and black/yellow theme" classname="fraud-detection.spec.ts" time="0">
<failure message="fraud-detection.spec.ts:15:9 should display landing page with 3D elements and black/yellow theme" type="FAILURE">
<![CDATA[  [Google Chrome] › fraud-detection.spec.ts:15:9 › FraudShield Modern Website E2E Tests › Landing Page › should display landing page with 3D elements and black/yellow theme 

    Error: worker process exited unexpectedly (code=1, signal=null)
]]>
</failure>
</testcase>
<testcase name="FraudShield Modern Website E2E Tests › Landing Page › should have working navigation" classname="fraud-detection.spec.ts" time="0">
<failure message="fraud-detection.spec.ts:38:9 should have working navigation" type="FAILURE">
<![CDATA[  [Google Chrome] › fraud-detection.spec.ts:38:9 › FraudShield Modern Website E2E Tests › Landing Page › should have working navigation 

    Error: worker process exited unexpectedly (code=1, signal=null)
]]>
</failure>
</testcase>
<testcase name="FraudShield Modern Website E2E Tests › Landing Page › should display responsive design" classname="fraud-detection.spec.ts" time="0">
<failure message="fraud-detection.spec.ts:52:9 should display responsive design" type="FAILURE">
<![CDATA[  [Google Chrome] › fraud-detection.spec.ts:52:9 › FraudShield Modern Website E2E Tests › Landing Page › should display responsive design 

    Error: worker process exited unexpectedly (code=1, signal=null)
]]>
</failure>
</testcase>
<testcase name="FraudShield Modern Website E2E Tests › User Authentication › should register new user successfully" classname="fraud-detection.spec.ts" time="0">
<failure message="fraud-detection.spec.ts:75:9 should register new user successfully" type="FAILURE">
<![CDATA[  [Google Chrome] › fraud-detection.spec.ts:75:9 › FraudShield Modern Website E2E Tests › User Authentication › should register new user successfully 

    Error: worker process exited unexpectedly (code=1, signal=null)
]]>
</failure>
</testcase>
<testcase name="FraudShield Modern Website E2E Tests › User Authentication › should validate registration form inputs" classname="fraud-detection.spec.ts" time="0">
<failure message="fraud-detection.spec.ts:90:9 should validate registration form inputs" type="FAILURE">
<![CDATA[  [Google Chrome] › fraud-detection.spec.ts:90:9 › FraudShield Modern Website E2E Tests › User Authentication › should validate registration form inputs 

    Error: worker process exited unexpectedly (code=1, signal=null)
]]>
</failure>
</testcase>
<testcase name="FraudShield Modern Website E2E Tests › User Authentication › should login existing user" classname="fraud-detection.spec.ts" time="0">
<failure message="fraud-detection.spec.ts:110:9 should login existing user" type="FAILURE">
<![CDATA[  [Google Chrome] › fraud-detection.spec.ts:110:9 › FraudShield Modern Website E2E Tests › User Authentication › should login existing user 

    Error: worker process exited unexpectedly (code=1, signal=null)
]]>
</failure>
</testcase>
<testcase name="FraudShield Modern Website E2E Tests › User Authentication › should handle login errors gracefully" classname="fraud-detection.spec.ts" time="0">
<failure message="fraud-detection.spec.ts:131:9 should handle login errors gracefully" type="FAILURE">
<![CDATA[  [Google Chrome] › fraud-detection.spec.ts:131:9 › FraudShield Modern Website E2E Tests › User Authentication › should handle login errors gracefully 

    Error: worker process exited unexpectedly (code=1, signal=null)
]]>
</failure>
</testcase>
<testcase name="FraudShield Modern Website E2E Tests › Dashboard Fraud Analysis › should display dashboard with fraud analysis form" classname="fraud-detection.spec.ts" time="0">
<failure message="fraud-detection.spec.ts:154:9 should display dashboard with fraud analysis form" type="FAILURE">
<![CDATA[  [Google Chrome] › fraud-detection.spec.ts:154:9 › FraudShield Modern Website E2E Tests › Dashboard Fraud Analysis › should display dashboard with fraud analysis form 

    Error: worker process exited unexpectedly (code=1, signal=null)
]]>
</failure>
</testcase>
<testcase name="FraudShield Modern Website E2E Tests › Dashboard Fraud Analysis › should perform fraud analysis with valid transaction data" classname="fraud-detection.spec.ts" time="0">
<failure message="fraud-detection.spec.ts:166:9 should perform fraud analysis with valid transaction data" type="FAILURE">
<![CDATA[  [Google Chrome] › fraud-detection.spec.ts:166:9 › FraudShield Modern Website E2E Tests › Dashboard Fraud Analysis › should perform fraud analysis with valid transaction data 

    Error: worker process exited unexpectedly (code=1, signal=null)
]]>
</failure>
</testcase>
<testcase name="FraudShield Modern Website E2E Tests › Dashboard Fraud Analysis › should validate form inputs" classname="fraud-detection.spec.ts" time="0">
<failure message="fraud-detection.spec.ts:192:9 should validate form inputs" type="FAILURE">
<![CDATA[  [Google Chrome] › fraud-detection.spec.ts:192:9 › FraudShield Modern Website E2E Tests › Dashboard Fraud Analysis › should validate form inputs 

    Error: worker process exited unexpectedly (code=1, signal=null)
]]>
</failure>
</testcase>
<testcase name="FraudShield Modern Website E2E Tests › Dashboard Fraud Analysis › should display analysis history" classname="fraud-detection.spec.ts" time="0">
<failure message="fraud-detection.spec.ts:204:9 should display analysis history" type="FAILURE">
<![CDATA[  [Google Chrome] › fraud-detection.spec.ts:204:9 › FraudShield Modern Website E2E Tests › Dashboard Fraud Analysis › should display analysis history 

    Error: worker process exited unexpectedly (code=1, signal=null)
]]>
</failure>
</testcase>
<testcase name="FraudShield Modern Website E2E Tests › Dashboard Fraud Analysis › should clear analysis history" classname="fraud-detection.spec.ts" time="0">
<failure message="fraud-detection.spec.ts:222:9 should clear analysis history" type="FAILURE">
<![CDATA[  [Google Chrome] › fraud-detection.spec.ts:222:9 › FraudShield Modern Website E2E Tests › Dashboard Fraud Analysis › should clear analysis history 

    Error: worker process exited unexpectedly (code=1, signal=null)
]]>
</failure>
</testcase>
<testcase name="FraudShield Modern Website E2E Tests › 3D Elements and Animations › should render 3D floating elements" classname="fraud-detection.spec.ts" time="0">
<failure message="fraud-detection.spec.ts:241:9 should render 3D floating elements" type="FAILURE">
<![CDATA[  [Google Chrome] › fraud-detection.spec.ts:241:9 › FraudShield Modern Website E2E Tests › 3D Elements and Animations › should render 3D floating elements 

    Error: worker process exited unexpectedly (code=1, signal=null)
]]>
</failure>
</testcase>
<testcase name="FraudShield Modern Website E2E Tests › 3D Elements and Animations › should have animated gradient backgrounds" classname="fraud-detection.spec.ts" time="0">
<failure message="fraud-detection.spec.ts:252:9 should have animated gradient backgrounds" type="FAILURE">
<![CDATA[  [Google Chrome] › fraud-detection.spec.ts:252:9 › FraudShield Modern Website E2E Tests › 3D Elements and Animations › should have animated gradient backgrounds 

    Error: worker process exited unexpectedly (code=1, signal=null)
]]>
</failure>
</testcase>
<testcase name="FraudShield Modern Website E2E Tests › Error Handling and Edge Cases › should handle API errors gracefully" classname="fraud-detection.spec.ts" time="0">
<failure message="fraud-detection.spec.ts:260:9 should handle API errors gracefully" type="FAILURE">
<![CDATA[  [Google Chrome] › fraud-detection.spec.ts:260:9 › FraudShield Modern Website E2E Tests › Error Handling and Edge Cases › should handle API errors gracefully 

    Error: worker process exited unexpectedly (code=1, signal=null)
]]>
</failure>
</testcase>
<testcase name="FraudShield Modern Website E2E Tests › Error Handling and Edge Cases › should handle session expiration" classname="fraud-detection.spec.ts" time="0">
<failure message="fraud-detection.spec.ts:278:9 should handle session expiration" type="FAILURE">
<![CDATA[  [Google Chrome] › fraud-detection.spec.ts:278:9 › FraudShield Modern Website E2E Tests › Error Handling and Edge Cases › should handle session expiration 

    Error: worker process exited unexpectedly (code=1, signal=null)
]]>
</failure>
</testcase>
<testcase name="FraudShield Modern Website E2E Tests › Accessibility › should have proper ARIA labels and keyboard navigation" classname="fraud-detection.spec.ts" time="0">
<failure message="fraud-detection.spec.ts:292:9 should have proper ARIA labels and keyboard navigation" type="FAILURE">
<![CDATA[  [Google Chrome] › fraud-detection.spec.ts:292:9 › FraudShield Modern Website E2E Tests › Accessibility › should have proper ARIA labels and keyboard navigation 

    Error: worker process exited unexpectedly (code=1, signal=null)
]]>
</failure>
</testcase>
<testcase name="FraudShield Modern Website E2E Tests › Accessibility › should have sufficient color contrast for black/yellow theme" classname="fraud-detection.spec.ts" time="0">
<failure message="fraud-detection.spec.ts:307:9 should have sufficient color contrast for black/yellow theme" type="FAILURE">
<![CDATA[  [Google Chrome] › fraud-detection.spec.ts:307:9 › FraudShield Modern Website E2E Tests › Accessibility › should have sufficient color contrast for black/yellow theme 

    Error: worker process exited unexpectedly (code=1, signal=null)
]]>
</failure>
</testcase>
</testsuite>
<testsuite name="provider-hydration.spec.ts" timestamp="2025-10-05T03:03:05.691Z" hostname="Google Chrome" tests="8" failures="8" skipped="0" time="0" errors="0">
<testcase name="Provider Hydration and SSR Tests › should load homepage without React useReducer errors" classname="provider-hydration.spec.ts" time="0">
<failure message="provider-hydration.spec.ts:17:7 should load homepage without React useReducer errors" type="FAILURE">
<![CDATA[  [Google Chrome] › provider-hydration.spec.ts:17:7 › Provider Hydration and SSR Tests › should load homepage without React useReducer errors 

    Error: worker process exited unexpectedly (code=1, signal=null)
]]>
</failure>
</testcase>
<testcase name="Provider Hydration and SSR Tests › should display loading state during client-side provider hydration" classname="provider-hydration.spec.ts" time="0">
<failure message="provider-hydration.spec.ts:43:7 should display loading state during client-side provider hydration" type="FAILURE">
<![CDATA[  [Google Chrome] › provider-hydration.spec.ts:43:7 › Provider Hydration and SSR Tests › should display loading state during client-side provider hydration 

    Error: worker process exited unexpectedly (code=1, signal=null)
]]>
</failure>
</testcase>
<testcase name="Provider Hydration and SSR Tests › should handle Supabase provider initialization gracefully" classname="provider-hydration.spec.ts" time="0">
<failure message="provider-hydration.spec.ts:62:7 should handle Supabase provider initialization gracefully" type="FAILURE">
<![CDATA[  [Google Chrome] › provider-hydration.spec.ts:62:7 › Provider Hydration and SSR Tests › should handle Supabase provider initialization gracefully 

    Error: worker process exited unexpectedly (code=1, signal=null)
]]>
</failure>
</testcase>
<testcase name="Provider Hydration and SSR Tests › should maintain proper component tree during SSR to CSR transition" classname="provider-hydration.spec.ts" time="0">
<failure message="provider-hydration.spec.ts:91:7 should maintain proper component tree during SSR to CSR transition" type="FAILURE">
<![CDATA[  [Google Chrome] › provider-hydration.spec.ts:91:7 › Provider Hydration and SSR Tests › should maintain proper component tree during SSR to CSR transition 

    Error: worker process exited unexpectedly (code=1, signal=null)
]]>
</failure>
</testcase>
<testcase name="Provider Hydration and SSR Tests › should recover gracefully from provider initialization failures" classname="provider-hydration.spec.ts" time="0">
<failure message="provider-hydration.spec.ts:122:7 should recover gracefully from provider initialization failures" type="FAILURE">
<![CDATA[  [Google Chrome] › provider-hydration.spec.ts:122:7 › Provider Hydration and SSR Tests › should recover gracefully from provider initialization failures 

    Error: worker process exited unexpectedly (code=1, signal=null)
]]>
</failure>
</testcase>
<testcase name="Provider Hydration and SSR Tests › should handle rapid navigation without provider re-initialization errors" classname="provider-hydration.spec.ts" time="0">
<failure message="provider-hydration.spec.ts:153:7 should handle rapid navigation without provider re-initialization errors" type="FAILURE">
<![CDATA[  [Google Chrome] › provider-hydration.spec.ts:153:7 › Provider Hydration and SSR Tests › should handle rapid navigation without provider re-initialization errors 

    Error: worker process exited unexpectedly (code=1, signal=null)
]]>
</failure>
</testcase>
<testcase name="Provider Hydration and SSR Tests › should display proper loading states before provider hydration" classname="provider-hydration.spec.ts" time="0">
<failure message="provider-hydration.spec.ts:187:7 should display proper loading states before provider hydration" type="FAILURE">
<![CDATA[  [Google Chrome] › provider-hydration.spec.ts:187:7 › Provider Hydration and SSR Tests › should display proper loading states before provider hydration 

    Error: worker process exited unexpectedly (code=1, signal=null)
]]>
</failure>
</testcase>
<testcase name="Provider Hydration and SSR Tests › should preserve theme and styling during provider hydration" classname="provider-hydration.spec.ts" time="0">
<failure message="provider-hydration.spec.ts:208:7 should preserve theme and styling during provider hydration" type="FAILURE">
<![CDATA[  [Google Chrome] › provider-hydration.spec.ts:208:7 › Provider Hydration and SSR Tests › should preserve theme and styling during provider hydration 

    Error: worker process exited unexpectedly (code=1, signal=null)
]]>
</failure>
</testcase>
</testsuite>
</testsuites>